
发生时间：2022/1/26 20:27:42
操作的表：Module
客户端IP：127.0.0.1
操作的ID：1
操作数据：Switch_ModuleType:2,Module_Name:基础数据管理,Module_Url:基础数据管理,Module_ParentID:0,Module_Key:,Module_Order:200,Switch_OnOff:1,

发生时间：2022/1/26 20:30:09
操作的表：Module
客户端IP：127.0.0.1
操作的ID：1
操作数据：Switch_ModuleType:1,Module_Name:省份(负责人),Module_Url:ProvincialRegion/List,Module_ParentID:1,Module_Key:,Module_Order:202,Switch_OnOff:1,

发生时间：2022/1/26 20:39:48
操作的表：Module
客户端IP：127.0.0.1
操作的ID：1
操作数据：Switch_ModuleType:0,Module_Name:省份新增,Module_Url:ProvincialRegion/Add,Module_ParentID:18,Module_Key:Add,Module_Order:2021,Switch_OnOff:1,

发生时间：2022/1/26 20:54:45
操作的表：ProvincialRegion
客户端IP：127.0.0.1
操作的ID：1
操作数据：ProvinceName:四川省,Leader:余亚东,Remark:负责热,

发生时间：2022/1/26 20:55:03
操作的表：ProvincialRegion
客户端IP：127.0.0.1
操作的ID：1
操作数据：ProvinceName:四川省,Leader:余亚东,Remark:负责热,

发生时间：2022/1/26 20:56:59
操作的表：ProvincialRegion
客户端IP：127.0.0.1
操作的ID：1
操作数据：ProvinceName:四川,Leader:四川,Remark:四川,

发生时间：2022/1/26 21:06:37
操作的表：ProvincialRegion
客户端IP：127.0.0.1
操作的ID：1
操作数据：ProvinceName:四川,Leader:四川,Remark:四川,

发生时间：2022/1/26 21:06:54
操作的表：ProvincialRegion
客户端IP：127.0.0.1
操作的ID：1
操作数据：ProvinceName:四川,Leader:四川,Remark:四川,

发生时间：2022/1/26 21:33:30
操作的表：ProvincialRegion
客户端IP：127.0.0.1
操作的ID：1
操作数据：ProvinceName:四川,Leader:四川,Remark:四川,

发生时间：2022/1/26 21:40:27
操作的表：ProvincialRegion
客户端IP：127.0.0.1
操作的ID：1
操作数据：ProvinceName:四川,Leader:四川,Remark:四川,

发生时间：2022/1/26 22:06:56
操作的表：Module
客户端IP：127.0.0.1
操作的ID：1
操作数据：Switch_ModuleType:0,Module_Name:省份修改,Module_Url:ProvincialRegion/Mod,Module_ParentID:18,Module_Key:Mod,Module_Order:203,Switch_OnOff:1,

发生时间：2022/1/26 22:09:14
操作的表：User
客户端IP：127.0.0.1
操作的ID：1
操作数据：User_Name:admin,User_PassWord:admin,Switch_OnOff:1,

发生时间：2022/1/26 22:15:35
操作的表：ProvincialRegion
客户端IP：127.0.0.1
操作的ID：1
操作数据：ProvinceName:四川,Leader:四川,Remark:四川备注1,

发生时间：2022/1/26 23:11:13
操作的表：ProvincialRegion
客户端IP：127.0.0.1
操作的ID：1
操作数据：ProvinceName:四川,Leader:余亚东,Remark:四川备注,

发生时间：2022/1/26 23:11:29
操作的表：ProvincialRegion
客户端IP：127.0.0.1
操作的ID：1
操作数据：ProvinceName:四川,Leader:余亚东,Remark:四川备注,

发生时间：2022/1/26 23:11:45
操作的表：ProvincialRegion
客户端IP：127.0.0.1
操作的ID：1
操作数据：ProvinceName:四川,Leader:余亚东,Remark:四川备注,

发生时间：2022/1/26 23:12:03
操作的表：ProvincialRegion
客户端IP：127.0.0.1
操作的ID：1
操作数据：ProvinceName:四川,Leader:余亚东,Remark:四川备注,

发生时间：2022/1/26 23:14:07
操作的表：User
客户端IP：127.0.0.1
操作的ID：1
操作数据：User_Name:admin,User_PassWord:admin,Switch_OnOff:1,

发生时间：2022/1/26 23:14:24
操作的表：Module
客户端IP：127.0.0.1
操作的ID：1
操作数据：Switch_ModuleType:0,Module_Name:省份修改,Module_Url:ProvincialRegion/Mod,Module_ParentID:18,Module_Key:Mod,Module_Order:203,Switch_OnOff:1,
