
发生时间：2022/1/30 23:30:17
操作的表：YearBudget
客户端IP：127.0.0.1
操作的ID：1
操作数据：ProvincialRegion_ID:1,Year:2022,Remark:预算,

发生时间：2022/1/30 23:32:57
操作的表：YearBudget
客户端IP：127.0.0.1
操作的ID：1
操作数据：ProvincialRegion_ID:1,Year:2022,Remark:预算,

发生时间：2022/1/30 23:44:31
操作的表：YearBudget
客户端IP：127.0.0.1
操作的ID：1
操作数据：ProvincialRegion_ID:1,Year:2022,Remark:预算,

发生时间：2022/1/30 23:47:04
操作的表：YearBudget
客户端IP：127.0.0.1
操作的ID：1
操作数据：ProvincialRegion_ID:1,Year:2022,Remark:预算,

发生时间：2022/1/30 23:47:27
操作的表：YearBudget
客户端IP：127.0.0.1
操作的ID：1
操作数据：ProvincialRegion_ID:1,Year:2022,Remark:预算,
