
发生时间：2022/1/31 0:16:16
操作的表：ProvincialRegion
客户端IP：127.0.0.1
操作的ID：1
操作数据：ProvinceName:四川,Leader:余亚东,Remark:四川备注1,

发生时间：2022/1/31 0:28:10
操作的表：YearBudget
客户端IP：127.0.0.1
操作的ID：1
操作数据：ProvincialRegion_ID:1,Year:2023,Remark:,

发生时间：2022/1/31 0:30:36
操作的表：YearBudget
客户端IP：127.0.0.1
操作的ID：1
操作数据：ProvincialRegion_ID:1,Year:2023,Remark:,

发生时间：2022/1/31 0:32:35
操作的表：YearBudget
客户端IP：127.0.0.1
操作的ID：1
操作数据：ProvincialRegion_ID:1,Year:2023,Remark:,

发生时间：2022/1/31 0:32:59
操作的表：YearBudget
客户端IP：127.0.0.1
操作的ID：1
操作数据：ProvincialRegion_ID:1,Year:2023,Remark:,

发生时间：2022/1/31 0:34:06
操作的表：YearBudget
客户端IP：127.0.0.1
操作的ID：1
操作数据：ProvincialRegion_ID:1,Year:2021,Remark:,

发生时间：2022/1/31 0:39:51
操作的表：YearBudget
客户端IP：127.0.0.1
操作的ID：1
操作数据：ProvincialRegion_ID:1,Year:2020,Remark:,
