
发生时间：2018/2/6 15:36:02
操作的表：Module
客户端IP：127.0.0.1
操作的ID：0
操作数据：Switch_ModuleType:0,Module_Name:模块新增,Module_Url:Module/Edit,Module_ParentID:2,Module_Key:Add,Module_Order:111,Switch_OnOff:1,

发生时间：2018/2/6 15:36:32
操作的表：Module
客户端IP：127.0.0.1
操作的ID：0
操作数据：Switch_ModuleType:0,Module_Name:模块修改,Module_Url:Module/Mod,Module_ParentID:2,Module_Key:Mod,Module_Order:112,Switch_OnOff:1,

发生时间：2018/2/6 15:36:52
操作的表：Module
客户端IP：127.0.0.1
操作的ID：0
操作数据：Switch_ModuleType:0,Module_Name:模块删除,Module_Url:Module/Del,Module_ParentID:2,Module_Key:Del,Module_Order:114,Switch_OnOff:1,

发生时间：2018/2/6 15:38:12
操作的表：Module
客户端IP：127.0.0.1
操作的ID：0
操作数据：Switch_ModuleType:1,Module_Name:角色查询,Module_Url:111,Module_ParentID:6,Module_Key:,Module_Order:21,Switch_OnOff:1,

发生时间：2018/2/6 15:39:40
操作的表：Module
客户端IP：127.0.0.1
操作的ID：0
操作数据：Switch_ModuleType:2,Module_Name:角色新增,Module_Url:222,Module_ParentID:7,Module_Key:Add,Module_Order:211,Switch_OnOff:1,
