
发生时间：2018/2/9 13:14:51
操作的表：Module
客户端IP：127.0.0.1
操作的ID：1
操作数据：Switch_ModuleType:1,Module_Name:客户查询,Module_Url:Customer/List,Module_ParentID:1,Module_Key:,Module_Order:11,Switch_OnOff:1,

发生时间：2018/2/9 13:17:21
操作的表：Module
客户端IP：127.0.0.1
操作的ID：1
操作数据：Switch_ModuleType:2,Module_Name:来源管理,Module_Url:来源管理,Module_ParentID:0,Module_Key:,Module_Order:200,Switch_OnOff:1,

发生时间：2018/2/9 13:17:35
操作的表：Module
客户端IP：127.0.0.1
操作的ID：1
操作数据：Switch_ModuleType:1,Module_Name:客户查询,Module_Url:Customer/List,Module_ParentID:1,Module_Key:,Module_Order:201,Switch_OnOff:1,

发生时间：2018/2/9 13:18:42
操作的表：Module
客户端IP：127.0.0.1
操作的ID：1
操作数据：Switch_ModuleType:0,Module_Name:客户新增,Module_Url:Customer/Add,Module_ParentID:16,Module_Key:Add,Module_Order:2011,Switch_OnOff:1,

发生时间：2018/2/9 13:19:30
操作的表：Customer
客户端IP：127.0.0.1
操作的ID：1
操作数据：Customer_Name:大唐集团,Switch_DataOperat:1,

发生时间：2018/2/9 13:22:29
操作的表：Customer
客户端IP：127.0.0.1
操作的ID：1
操作数据：Customer_Name:大唐集团,Switch_DataOperat:1,
