
发生时间：2018/2/1 10:44:28
操作的表：Module
客户端IP：127.0.0.1
操作的ID：1
操作数据：Switch_ModuleType:5,Module_Name:模块名称,Module_Url:模块地址,Module_ParentID:0,Module_Key:键值,

发生时间：2018/2/1 10:50:54
操作的表：Module
客户端IP：127.0.0.1
操作的ID：1
操作数据：Switch_ModuleType:5,Module_Name:模块名称,Module_Url:模块地址,Module_ParentID:0,Module_Key:键值,

发生时间：2018/2/1 13:13:48
操作的表：Module
客户端IP：127.0.0.1
操作的ID：1
操作数据：Switch_ModuleType:5,Module_Name:新增模块1,Module_Url:新增地址,Module_ParentID:1,Module_Key:,

发生时间：2018/2/1 14:07:31
操作的表：Module
客户端IP：127.0.0.1
操作的ID：1
操作数据：Switch_ModuleType:5,Module_Name:模块管理,Module_Url:管理地址,Module_ParentID:0,Module_Key:,Module_Order:1,

发生时间：2018/2/1 14:08:01
操作的表：Module
客户端IP：127.0.0.1
操作的ID：1
操作数据：Switch_ModuleType:5,Module_Name:模块管理,Module_Url:管理地址,Module_ParentID:0,Module_Key:,Module_Order:1,

发生时间：2018/2/1 14:09:32
操作的表：Module
客户端IP：127.0.0.1
操作的ID：1
操作数据：Switch_ModuleType:5,Module_Name:模块管理,Module_Url:管理地址,Module_ParentID:0,Module_Key:,Module_Order:1,

发生时间：2018/2/1 14:12:27
操作的表：Module
客户端IP：127.0.0.1
操作的ID：1
操作数据：Switch_ModuleType:5,Module_Name:模块管理,Module_Url:管理地址,Module_ParentID:0,Module_Key:,Module_Order:1,

发生时间：2018/2/1 14:13:29
操作的表：Module
客户端IP：127.0.0.1
操作的ID：1
操作数据：Switch_ModuleType:5,Module_Name:模块管理,Module_Url:管理地址,Module_ParentID:0,Module_Key:,Module_Order:1,

发生时间：2018/2/1 14:18:13
操作的表：Module
客户端IP：127.0.0.1
操作的ID：1
操作数据：Switch_ModuleType:5,Module_Name:模块管理,Module_Url:管理地址,Module_ParentID:0,Module_Key:,Module_Order:1,

发生时间：2018/2/1 14:18:46
操作的表：Module
客户端IP：127.0.0.1
操作的ID：1
操作数据：Switch_ModuleType:5,Module_Name:模块管理,Module_Url:管理地址,Module_ParentID:0,Module_Key:,Module_Order:1,

发生时间：2018/2/1 14:19:00
操作的表：Module
客户端IP：127.0.0.1
操作的ID：1
操作数据：Switch_ModuleType:5,Module_Name:模块管理,Module_Url:管理地址,Module_ParentID:0,Module_Key:,Module_Order:1,

发生时间：2018/2/1 14:20:02
操作的表：Module
客户端IP：127.0.0.1
操作的ID：1
操作数据：Switch_ModuleType:5,Module_Name:模块管理,Module_Url:管理地址,Module_ParentID:0,Module_Key:,Module_Order:1,

发生时间：2018/2/1 14:21:47
操作的表：Module
客户端IP：127.0.0.1
操作的ID：1
操作数据：Switch_ModuleType:5,Module_Name:模块管理,Module_Url:管理地址,Module_ParentID:0,Module_Key:,Module_Order:1,

发生时间：2018/2/1 14:22:53
操作的表：Module
客户端IP：127.0.0.1
操作的ID：1
操作数据：Switch_ModuleType:5,Module_Name:模块管理,Module_Url:管理地址,Module_ParentID:0,Module_Key:,Module_Order:1,

发生时间：2018/2/1 14:30:15
操作的表：Module
客户端IP：127.0.0.1
操作的ID：1
操作数据：Switch_ModuleType:5,Module_Name:44,Module_Url:444,Module_ParentID:10,Module_Key:,Module_Order:4,
