
发生时间：2018/2/2 12:42:55
操作的表：Module
客户端IP：127.0.0.1
操作的ID：0
操作数据：Switch_ModuleType:1,Module_Name:模块管理,Module_Url:管理地址,Module_ParentID:0,Module_Key:,Module_Order:1,Switch_DataOperat:1,

发生时间：2018/2/2 13:06:19
操作的表：Module
客户端IP：127.0.0.1
操作的ID：0
操作数据：Switch_ModuleType:1,Module_Name:模块查询,Module_Url:Module/List,Module_ParentID:1,Module_Key:,Module_Order:11,Switch_DataOperat:1,

发生时间：2018/2/2 13:09:22
操作的表：Module
客户端IP：127.0.0.1
操作的ID：0
操作数据：Switch_ModuleType:1,Module_Name:模块新增,Module_Url:Module/Edit,Module_ParentID:1,Module_Key:,Module_Order:12,Switch_DataOperat:1,

发生时间：2018/2/2 13:09:45
操作的表：Module
客户端IP：127.0.0.1
操作的ID：0
操作数据：Switch_ModuleType:0,Module_Name:模块新增,Module_Url:Module/Edit,Module_ParentID:1,Module_Key:,Module_Order:12,Switch_DataOperat:1,

发生时间：2018/2/2 13:12:03
操作的表：Module
客户端IP：127.0.0.1
操作的ID：0
操作数据：Switch_ModuleType:1,Module_Name:模块修改,Module_Url:模块修改,Module_ParentID:1,Module_Key:Mod,Module_Order:13,Switch_DataOperat:1,

发生时间：2018/2/2 13:12:28
操作的表：Module
客户端IP：127.0.0.1
操作的ID：0
操作数据：Switch_ModuleType:0,Module_Name:模块新增,Module_Url:Module/Edit,Module_ParentID:1,Module_Key:Add,Module_Order:12,Switch_DataOperat:1,

发生时间：2018/2/2 13:13:17
操作的表：Module
客户端IP：127.0.0.1
操作的ID：0
操作数据：Switch_ModuleType:0,Module_Name:模块删除,Module_Url:Module/Del,Module_ParentID:1,Module_Key:Del,Module_Order:14,Switch_DataOperat:1,

发生时间：2018/2/2 13:13:55
操作的表：Module
客户端IP：127.0.0.1
操作的ID：0
操作数据：Switch_ModuleType:0,Module_Name:模块修改,Module_Url:Module/Mod,Module_ParentID:1,Module_Key:Mod,Module_Order:13,Switch_DataOperat:1,

发生时间：2018/2/2 13:15:23
操作的表：Module
客户端IP：127.0.0.1
操作的ID：0
操作数据：Switch_ModuleType:1,Module_Name:角色管理,Module_Url:Role/List,Module_ParentID:0,Module_Key:,Module_Order:2,Switch_DataOperat:1,

发生时间：2018/2/2 13:53:58
操作的表：Module
客户端IP：127.0.0.1
操作的ID：15
操作数据：Switch_ModuleType:2,Module_Name:模块管理,Module_Url:管理地址,Module_ParentID:0,Module_Key:,Module_Order:1,Switch_DataOperat:1,

发生时间：2018/2/2 13:54:38
操作的表：Module
客户端IP：127.0.0.1
操作的ID：15
操作数据：Switch_ModuleType:2,Module_Name:角色管理,Module_Url:Role/List,Module_ParentID:0,Module_Key:,Module_Order:2,Switch_DataOperat:1,

发生时间：2018/2/2 14:46:03
操作的表：Module
客户端IP：127.0.0.1
操作的ID：15
操作数据：Switch_ModuleType:2,Module_Name:角色管理,Module_Url:Role/List,Module_ParentID:0,Module_Key:,Module_Order:2,Switch_OnOff:0,

发生时间：2018/2/2 15:36:35
操作的表：Role
客户端IP：127.0.0.1
操作的ID：15
操作数据：Role_Name:开发,Role_Remark:开发人员维护,Switch_OnOff:1,

发生时间：2018/2/2 16:22:50
操作的表：Role
客户端IP：127.0.0.1
操作的ID：15
操作数据：Role_Name:运维,Role_Remark:系统维护人员,Switch_OnOff:1,
