
发生时间：2022/11/28 21:47:24
操作数据：System.NullReferenceException: 未将对象引用设置到对象的实例。
   在 RongRental.Areas.Admin_Rental.Controllers.BranchOfficeYearBudgetController.UpdateInsert(BranchOfficeYearBudget branchOfficeYearBudget) 位置 D:\WorkSelf\RongKang_FrameWork\RongKang_Frame\RongRental\Areas\Admin_Rental\Controllers\BranchOfficeYearBudgetController.cs:行号 122

发生时间：2022/11/28 21:57:44
操作数据：System.DivideByZeroException: 尝试除以零。
   在 System.Decimal.FCallDivide(Decimal& d1, Decimal& d2)
   在 System.Decimal.op_Division(Decimal d1, Decimal d2)
   在 RongRental.Areas.Admin_Rental.Controllers.ProvincialRegionController.List(Int32 page, Int32 pageSize) 位置 D:\WorkSelf\RongKang_FrameWork\RongKang_Frame\RongRental\Areas\Admin_Rental\Controllers\ProvincialRegionController.cs:行号 240

发生时间：2022/11/28 21:58:11
操作数据：System.DivideByZeroException: 尝试除以零。
   在 System.Decimal.FCallDivide(Decimal& d1, Decimal& d2)
   在 System.Decimal.op_Division(Decimal d1, Decimal d2)
   在 RongRental.Areas.Admin_Rental.Controllers.ProvincialRegionController.List(Int32 page, Int32 pageSize) 位置 D:\WorkSelf\RongKang_FrameWork\RongKang_Frame\RongRental\Areas\Admin_Rental\Controllers\ProvincialRegionController.cs:行号 240

发生时间：2022/11/28 21:58:27
操作数据：System.DivideByZeroException: 尝试除以零。
   在 System.Decimal.FCallDivide(Decimal& d1, Decimal& d2)
   在 System.Decimal.op_Division(Decimal d1, Decimal d2)
   在 RongRental.Areas.Admin_Rental.Controllers.YearBudgetController.List(Int32 page, Int32 pageSize) 位置 D:\WorkSelf\RongKang_FrameWork\RongKang_Frame\RongRental\Areas\Admin_Rental\Controllers\YearBudgetController.cs:行号 305

发生时间：2022/11/28 21:58:33
操作数据：System.DivideByZeroException: 尝试除以零。
   在 System.Decimal.FCallDivide(Decimal& d1, Decimal& d2)
   在 System.Decimal.op_Division(Decimal d1, Decimal d2)
   在 RongRental.Areas.Admin_Rental.Controllers.ProvincialRegionController.List(Int32 page, Int32 pageSize) 位置 D:\WorkSelf\RongKang_FrameWork\RongKang_Frame\RongRental\Areas\Admin_Rental\Controllers\ProvincialRegionController.cs:行号 240

发生时间：2022/11/28 21:58:48
操作数据：System.DivideByZeroException: 尝试除以零。
   在 System.Decimal.FCallDivide(Decimal& d1, Decimal& d2)
   在 System.Decimal.op_Division(Decimal d1, Decimal d2)
   在 RongRental.Areas.Admin_Rental.Controllers.ProvincialRegionController.List(Int32 page, Int32 pageSize) 位置 D:\WorkSelf\RongKang_FrameWork\RongKang_Frame\RongRental\Areas\Admin_Rental\Controllers\ProvincialRegionController.cs:行号 240

发生时间：2022/11/28 21:59:26
操作数据：System.DivideByZeroException: 尝试除以零。
   在 System.Decimal.FCallDivide(Decimal& d1, Decimal& d2)
   在 System.Decimal.op_Division(Decimal d1, Decimal d2)
   在 RongRental.Areas.Admin_Rental.Controllers.ProvincialRegionController.List(Int32 page, Int32 pageSize) 位置 D:\WorkSelf\RongKang_FrameWork\RongKang_Frame\RongRental\Areas\Admin_Rental\Controllers\ProvincialRegionController.cs:行号 240

发生时间：2022/11/28 22:00:37
操作数据：System.DivideByZeroException: 尝试除以零。
   在 System.Decimal.FCallDivide(Decimal& d1, Decimal& d2)
   在 System.Decimal.op_Division(Decimal d1, Decimal d2)
   在 RongRental.Areas.Admin_Rental.Controllers.ProvincialRegionController.List(Int32 page, Int32 pageSize) 位置 D:\WorkSelf\RongKang_FrameWork\RongKang_Frame\RongRental\Areas\Admin_Rental\Controllers\ProvincialRegionController.cs:行号 240

发生时间：2022/11/28 22:06:43
操作数据：System.DivideByZeroException: 尝试除以零。
   在 System.Decimal.FCallDivide(Decimal& d1, Decimal& d2)
   在 System.Decimal.op_Division(Decimal d1, Decimal d2)
   在 RongRental.Areas.Admin_Rental.Controllers.ProvincialRegionController.List(Int32 page, Int32 pageSize) 位置 D:\WorkSelf\RongKang_FrameWork\RongKang_Frame\RongRental\Areas\Admin_Rental\Controllers\ProvincialRegionController.cs:行号 240
