
发生时间：2022/1/26 20:54:45
操作数据：System.InvalidOperationException: 实体类型 ProvincialRegion 不是当前上下文的模型的一部分。
   在 System.Data.Entity.Internal.InternalContext.UpdateEntitySetMappingsForType(Type entityType)
   在 System.Data.Entity.Internal.InternalContext.GetEntitySetAndBaseTypeForType(Type entityType)
   在 System.Data.Entity.Internal.Linq.InternalSet`1.Initialize()
   在 System.Data.Entity.Internal.Linq.InternalSet`1.get_InternalContext()
   在 System.Data.Entity.Internal.Linq.InternalSet`1.ActOnSet(Action action, EntityState newState, Object entity, String methodName)
   在 System.Data.Entity.Internal.Linq.InternalSet`1.Add(Object entity)
   在 System.Data.Entity.DbSet`1.Add(TEntity entity)
   在 RongKang_Dal.BaseDal`1.Insert(T entity) 位置 D:\WorkSelf\RongKang_FrameWork\RongKang_Frame\RongKang_Dal\BaseDal.cs:行号 288

发生时间：2022/1/26 20:55:03
操作数据：System.InvalidOperationException: 实体类型 ProvincialRegion 不是当前上下文的模型的一部分。
   在 System.Data.Entity.Internal.InternalContext.UpdateEntitySetMappingsForType(Type entityType)
   在 System.Data.Entity.Internal.InternalContext.GetEntitySetAndBaseTypeForType(Type entityType)
   在 System.Data.Entity.Internal.Linq.InternalSet`1.Initialize()
   在 System.Data.Entity.Internal.Linq.InternalSet`1.get_InternalContext()
   在 System.Data.Entity.Internal.Linq.InternalSet`1.ActOnSet(Action action, EntityState newState, Object entity, String methodName)
   在 System.Data.Entity.Internal.Linq.InternalSet`1.Add(Object entity)
   在 System.Data.Entity.DbSet`1.Add(TEntity entity)
   在 RongKang_Dal.BaseDal`1.Insert(T entity) 位置 D:\WorkSelf\RongKang_FrameWork\RongKang_Frame\RongKang_Dal\BaseDal.cs:行号 288

发生时间：2022/1/26 20:57:46
操作数据：System.InvalidOperationException: 实体类型 ProvincialRegion 不是当前上下文的模型的一部分。
   在 System.Data.Entity.Internal.InternalContext.UpdateEntitySetMappingsForType(Type entityType)
   在 System.Data.Entity.Internal.InternalContext.GetEntitySetAndBaseTypeForType(Type entityType)
   在 System.Data.Entity.Internal.Linq.InternalSet`1.Initialize()
   在 System.Data.Entity.Internal.Linq.InternalSet`1.get_InternalContext()
   在 System.Data.Entity.Internal.Linq.InternalSet`1.ActOnSet(Action action, EntityState newState, Object entity, String methodName)
   在 System.Data.Entity.Internal.Linq.InternalSet`1.Add(Object entity)
   在 System.Data.Entity.DbSet`1.Add(TEntity entity)
   在 RongKang_Dal.BaseDal`1.Insert(T entity) 位置 D:\WorkSelf\RongKang_FrameWork\RongKang_Frame\RongKang_Dal\BaseDal.cs:行号 288

发生时间：2022/1/26 21:06:37
操作数据：System.InvalidOperationException: 实体类型 ProvincialRegion 不是当前上下文的模型的一部分。
   在 System.Data.Entity.Internal.InternalContext.UpdateEntitySetMappingsForType(Type entityType)
   在 System.Data.Entity.Internal.InternalContext.GetEntitySetAndBaseTypeForType(Type entityType)
   在 System.Data.Entity.Internal.Linq.InternalSet`1.Initialize()
   在 System.Data.Entity.Internal.Linq.InternalSet`1.get_InternalContext()
   在 System.Data.Entity.Internal.Linq.InternalSet`1.ActOnSet(Action action, EntityState newState, Object entity, String methodName)
   在 System.Data.Entity.Internal.Linq.InternalSet`1.Add(Object entity)
   在 System.Data.Entity.DbSet`1.Add(TEntity entity)
   在 RongKang_Dal.BaseDal`1.Insert(T entity) 位置 D:\WorkSelf\RongKang_FrameWork\RongKang_Frame\RongKang_Dal\BaseDal.cs:行号 288

发生时间：2022/1/26 21:07:47
操作数据：System.InvalidOperationException: 实体类型 ProvincialRegion 不是当前上下文的模型的一部分。
   在 System.Data.Entity.Internal.InternalContext.UpdateEntitySetMappingsForType(Type entityType)
   在 System.Data.Entity.Internal.InternalContext.GetEntitySetAndBaseTypeForType(Type entityType)
   在 System.Data.Entity.Internal.Linq.InternalSet`1.Initialize()
   在 System.Data.Entity.Internal.Linq.InternalSet`1.get_InternalContext()
   在 System.Data.Entity.Internal.Linq.InternalSet`1.ActOnSet(Action action, EntityState newState, Object entity, String methodName)
   在 System.Data.Entity.Internal.Linq.InternalSet`1.Add(Object entity)
   在 System.Data.Entity.DbSet`1.Add(TEntity entity)
   在 RongKang_Dal.BaseDal`1.Insert(T entity) 位置 D:\WorkSelf\RongKang_FrameWork\RongKang_Frame\RongKang_Dal\BaseDal.cs:行号 288

发生时间：2022/1/26 21:44:20
操作数据：System.InvalidOperationException: 实体类型 ProvincialRegion 不是当前上下文的模型的一部分。
   在 System.Data.Entity.Internal.InternalContext.UpdateEntitySetMappingsForType(Type entityType)
   在 System.Data.Entity.Internal.InternalContext.GetEntitySetAndBaseTypeForType(Type entityType)
   在 System.Data.Entity.Internal.Linq.InternalSet`1.Initialize()
   在 System.Data.Entity.Internal.Linq.InternalSet`1.GetEnumerator()
   在 System.Data.Entity.Infrastructure.DbQuery`1.System.Collections.Generic.IEnumerable<TResult>.GetEnumerator()
   在 System.Linq.Enumerable.WhereEnumerableIterator`1.MoveNext()
   在 System.Linq.Enumerable.SingleOrDefault[TSource](IEnumerable`1 source)
   在 RongKang_Dal.BaseDal`1.GetEntity(Func`2 exp) 位置 D:\WorkSelf\RongKang_FrameWork\RongKang_Frame\RongKang_Dal\BaseDal.cs:行号 220

发生时间：2022/1/26 21:47:23
操作数据：System.InvalidOperationException: 实体类型 ProvincialRegion 不是当前上下文的模型的一部分。
   在 System.Data.Entity.Internal.InternalContext.UpdateEntitySetMappingsForType(Type entityType)
   在 System.Data.Entity.Internal.InternalContext.GetEntitySetAndBaseTypeForType(Type entityType)
   在 System.Data.Entity.Internal.Linq.InternalSet`1.Initialize()
   在 System.Data.Entity.Internal.Linq.InternalSet`1.GetEnumerator()
   在 System.Data.Entity.Infrastructure.DbQuery`1.System.Collections.Generic.IEnumerable<TResult>.GetEnumerator()
   在 System.Linq.Enumerable.WhereEnumerableIterator`1.MoveNext()
   在 System.Linq.Enumerable.SingleOrDefault[TSource](IEnumerable`1 source)
   在 RongKang_Dal.BaseDal`1.GetEntity(Func`2 exp) 位置 D:\WorkSelf\RongKang_FrameWork\RongKang_Frame\RongKang_Dal\BaseDal.cs:行号 220

发生时间：2022/1/26 21:48:28
操作数据：System.InvalidOperationException: 实体类型 ProvincialRegion 不是当前上下文的模型的一部分。
   在 System.Data.Entity.Internal.InternalContext.UpdateEntitySetMappingsForType(Type entityType)
   在 System.Data.Entity.Internal.InternalContext.GetEntitySetAndBaseTypeForType(Type entityType)
   在 System.Data.Entity.Internal.Linq.InternalSet`1.Initialize()
   在 System.Data.Entity.Internal.Linq.InternalSet`1.GetEnumerator()
   在 System.Data.Entity.Infrastructure.DbQuery`1.System.Collections.Generic.IEnumerable<TResult>.GetEnumerator()
   在 System.Linq.Enumerable.WhereEnumerableIterator`1.MoveNext()
   在 System.Linq.Enumerable.SingleOrDefault[TSource](IEnumerable`1 source)
   在 RongKang_Dal.BaseDal`1.GetEntity(Func`2 exp) 位置 D:\WorkSelf\RongKang_FrameWork\RongKang_Frame\RongKang_Dal\BaseDal.cs:行号 220

发生时间：2022/1/26 21:50:48
操作数据：System.InvalidOperationException: 实体类型 ProvincialRegion 不是当前上下文的模型的一部分。
   在 System.Data.Entity.Internal.InternalContext.UpdateEntitySetMappingsForType(Type entityType)
   在 System.Data.Entity.Internal.InternalContext.GetEntitySetAndBaseTypeForType(Type entityType)
   在 System.Data.Entity.Internal.Linq.InternalSet`1.Initialize()
   在 System.Data.Entity.Internal.Linq.InternalSet`1.GetEnumerator()
   在 System.Data.Entity.Infrastructure.DbQuery`1.System.Collections.Generic.IEnumerable<TResult>.GetEnumerator()
   在 System.Linq.Enumerable.WhereEnumerableIterator`1.MoveNext()
   在 System.Linq.Enumerable.SingleOrDefault[TSource](IEnumerable`1 source)
   在 RongKang_Dal.BaseDal`1.GetEntity(Func`2 exp) 位置 D:\WorkSelf\RongKang_FrameWork\RongKang_Frame\RongKang_Dal\BaseDal.cs:行号 220

发生时间：2022/1/26 21:53:18
操作数据：System.InvalidOperationException: 实体类型 ProvincialRegion 不是当前上下文的模型的一部分。
   在 System.Data.Entity.Internal.InternalContext.UpdateEntitySetMappingsForType(Type entityType)
   在 System.Data.Entity.Internal.InternalContext.GetEntitySetAndBaseTypeForType(Type entityType)
   在 System.Data.Entity.Internal.Linq.InternalSet`1.Initialize()
   在 System.Data.Entity.Internal.Linq.InternalSet`1.GetEnumerator()
   在 System.Data.Entity.Infrastructure.DbQuery`1.System.Collections.Generic.IEnumerable<TResult>.GetEnumerator()
   在 System.Linq.Enumerable.WhereEnumerableIterator`1.MoveNext()
   在 System.Linq.Enumerable.SingleOrDefault[TSource](IEnumerable`1 source)
   在 RongKang_Dal.BaseDal`1.GetEntity(Func`2 exp) 位置 D:\WorkSelf\RongKang_FrameWork\RongKang_Frame\RongKang_Dal\BaseDal.cs:行号 220

发生时间：2022/1/26 21:56:48
操作数据：System.Data.Entity.Core.EntityCommandExecutionException: 数据读取器与指定的“Repository.ProvincialRegion”不兼容。类型“Remark”的成员在同名的数据读取器中没有对应的列。
   在 System.Data.Entity.Core.Query.InternalTrees.ColumnMapFactory.GetMemberOrdinalFromReader(DbDataReader storeDataReader, EdmMember member, EdmType currentType, Dictionary`2 renameList)
   在 System.Data.Entity.Core.Query.InternalTrees.ColumnMapFactory.GetColumnMapsForType(DbDataReader storeDataReader, EdmType edmType, Dictionary`2 renameList)
   在 System.Data.Entity.Core.Query.InternalTrees.ColumnMapFactory.CreateColumnMapFromReaderAndType(DbDataReader storeDataReader, EdmType edmType, EntitySet entitySet, Dictionary`2 renameList)
   在 System.Data.Entity.Core.Objects.ObjectContext.InternalTranslate[TElement](DbDataReader reader, String entitySetName, MergeOption mergeOption, Boolean streaming, EntitySet& entitySet, TypeUsage& edmType)
   在 System.Data.Entity.Core.Objects.ObjectContext.ExecuteStoreQueryInternal[TElement](String commandText, String entitySetName, ExecutionOptions executionOptions, Object[] parameters)
   在 System.Data.Entity.Core.Objects.ObjectContext.<>c__DisplayClass69`1.<ExecuteStoreQueryReliably>b__68()
   在 System.Data.Entity.Core.Objects.ObjectContext.ExecuteInTransaction[T](Func`1 func, IDbExecutionStrategy executionStrategy, Boolean startLocalTransaction, Boolean releaseConnectionOnSuccess)
   在 System.Data.Entity.Core.Objects.ObjectContext.<>c__DisplayClass69`1.<ExecuteStoreQueryReliably>b__67()
   在 System.Data.Entity.SqlServer.DefaultSqlExecutionStrategy.Execute[TResult](Func`1 operation)
   在 System.Data.Entity.Core.Objects.ObjectContext.ExecuteStoreQueryReliably[TElement](String commandText, String entitySetName, ExecutionOptions executionOptions, Object[] parameters)
   在 System.Data.Entity.Core.Objects.ObjectContext.ExecuteStoreQuery[TElement](String commandText, ExecutionOptions executionOptions, Object[] parameters)
   在 System.Data.Entity.Internal.InternalContext.<>c__DisplayClass14`1.<ExecuteSqlQuery>b__13()
   在 System.Data.Entity.Internal.LazyEnumerator`1.MoveNext()
   在 System.Collections.Generic.List`1..ctor(IEnumerable`1 collection)
   在 System.Linq.Enumerable.ToList[TSource](IEnumerable`1 source)
   在 RongKang_Dal.BaseDal`1.GetEntitiesForPaging(Int32 pageNumber, Int32 pageSize, String orderName, String sortOrder, String exp) 位置 D:\WorkSelf\RongKang_FrameWork\RongKang_Frame\RongKang_Dal\BaseDal.cs:行号 198

发生时间：2022/1/26 21:56:53
操作数据：System.Data.Entity.Core.EntityCommandExecutionException: 数据读取器与指定的“Repository.ProvincialRegion”不兼容。类型“Remark”的成员在同名的数据读取器中没有对应的列。
   在 System.Data.Entity.Core.Query.InternalTrees.ColumnMapFactory.GetMemberOrdinalFromReader(DbDataReader storeDataReader, EdmMember member, EdmType currentType, Dictionary`2 renameList)
   在 System.Data.Entity.Core.Query.InternalTrees.ColumnMapFactory.GetColumnMapsForType(DbDataReader storeDataReader, EdmType edmType, Dictionary`2 renameList)
   在 System.Data.Entity.Core.Query.InternalTrees.ColumnMapFactory.CreateColumnMapFromReaderAndType(DbDataReader storeDataReader, EdmType edmType, EntitySet entitySet, Dictionary`2 renameList)
   在 System.Data.Entity.Core.Objects.ObjectContext.InternalTranslate[TElement](DbDataReader reader, String entitySetName, MergeOption mergeOption, Boolean streaming, EntitySet& entitySet, TypeUsage& edmType)
   在 System.Data.Entity.Core.Objects.ObjectContext.ExecuteStoreQueryInternal[TElement](String commandText, String entitySetName, ExecutionOptions executionOptions, Object[] parameters)
   在 System.Data.Entity.Core.Objects.ObjectContext.<>c__DisplayClass69`1.<ExecuteStoreQueryReliably>b__68()
   在 System.Data.Entity.Core.Objects.ObjectContext.ExecuteInTransaction[T](Func`1 func, IDbExecutionStrategy executionStrategy, Boolean startLocalTransaction, Boolean releaseConnectionOnSuccess)
   在 System.Data.Entity.Core.Objects.ObjectContext.<>c__DisplayClass69`1.<ExecuteStoreQueryReliably>b__67()
   在 System.Data.Entity.SqlServer.DefaultSqlExecutionStrategy.Execute[TResult](Func`1 operation)
   在 System.Data.Entity.Core.Objects.ObjectContext.ExecuteStoreQueryReliably[TElement](String commandText, String entitySetName, ExecutionOptions executionOptions, Object[] parameters)
   在 System.Data.Entity.Core.Objects.ObjectContext.ExecuteStoreQuery[TElement](String commandText, ExecutionOptions executionOptions, Object[] parameters)
   在 System.Data.Entity.Internal.InternalContext.<>c__DisplayClass14`1.<ExecuteSqlQuery>b__13()
   在 System.Data.Entity.Internal.LazyEnumerator`1.MoveNext()
   在 System.Collections.Generic.List`1..ctor(IEnumerable`1 collection)
   在 System.Linq.Enumerable.ToList[TSource](IEnumerable`1 source)
   在 RongKang_Dal.BaseDal`1.GetEntitiesForPaging(Int32 pageNumber, Int32 pageSize, String orderName, String sortOrder, String exp) 位置 D:\WorkSelf\RongKang_FrameWork\RongKang_Frame\RongKang_Dal\BaseDal.cs:行号 198

发生时间：2022/1/26 21:57:39
操作数据：System.Data.Entity.Core.EntityCommandExecutionException: 数据读取器与指定的“Repository.ProvincialRegion”不兼容。类型“Remark”的成员在同名的数据读取器中没有对应的列。
   在 System.Data.Entity.Core.Query.InternalTrees.ColumnMapFactory.GetMemberOrdinalFromReader(DbDataReader storeDataReader, EdmMember member, EdmType currentType, Dictionary`2 renameList)
   在 System.Data.Entity.Core.Query.InternalTrees.ColumnMapFactory.GetColumnMapsForType(DbDataReader storeDataReader, EdmType edmType, Dictionary`2 renameList)
   在 System.Data.Entity.Core.Query.InternalTrees.ColumnMapFactory.CreateColumnMapFromReaderAndType(DbDataReader storeDataReader, EdmType edmType, EntitySet entitySet, Dictionary`2 renameList)
   在 System.Data.Entity.Core.Objects.ObjectContext.InternalTranslate[TElement](DbDataReader reader, String entitySetName, MergeOption mergeOption, Boolean streaming, EntitySet& entitySet, TypeUsage& edmType)
   在 System.Data.Entity.Core.Objects.ObjectContext.ExecuteStoreQueryInternal[TElement](String commandText, String entitySetName, ExecutionOptions executionOptions, Object[] parameters)
   在 System.Data.Entity.Core.Objects.ObjectContext.<>c__DisplayClass69`1.<ExecuteStoreQueryReliably>b__68()
   在 System.Data.Entity.Core.Objects.ObjectContext.ExecuteInTransaction[T](Func`1 func, IDbExecutionStrategy executionStrategy, Boolean startLocalTransaction, Boolean releaseConnectionOnSuccess)
   在 System.Data.Entity.Core.Objects.ObjectContext.<>c__DisplayClass69`1.<ExecuteStoreQueryReliably>b__67()
   在 System.Data.Entity.SqlServer.DefaultSqlExecutionStrategy.Execute[TResult](Func`1 operation)
   在 System.Data.Entity.Core.Objects.ObjectContext.ExecuteStoreQueryReliably[TElement](String commandText, String entitySetName, ExecutionOptions executionOptions, Object[] parameters)
   在 System.Data.Entity.Core.Objects.ObjectContext.ExecuteStoreQuery[TElement](String commandText, ExecutionOptions executionOptions, Object[] parameters)
   在 System.Data.Entity.Internal.InternalContext.<>c__DisplayClass14`1.<ExecuteSqlQuery>b__13()
   在 System.Data.Entity.Internal.LazyEnumerator`1.MoveNext()
   在 System.Collections.Generic.List`1..ctor(IEnumerable`1 collection)
   在 System.Linq.Enumerable.ToList[TSource](IEnumerable`1 source)
   在 RongKang_Dal.BaseDal`1.GetEntitiesForPaging(Int32 pageNumber, Int32 pageSize, String orderName, String sortOrder, String exp) 位置 D:\WorkSelf\RongKang_FrameWork\RongKang_Frame\RongKang_Dal\BaseDal.cs:行号 198
