
发生时间：2018/1/31 16:48:56
操作数据：System.InvalidOperationException: 支持“RongKangRepository”上下文的模型已在数据库创建后发生更改。请考虑使用 Code First 迁移更新数据库(http://go.microsoft.com/fwlink/?LinkId=238269)。
   在 System.Data.Entity.CreateDatabaseIfNotExists`1.InitializeDatabase(TContext context)
   在 System.Data.Entity.Internal.InternalContext.<>c__DisplayClassf`1.<CreateInitializationAction>b__e()
   在 System.Data.Entity.Internal.InternalContext.PerformInitializationAction(Action action)
   在 System.Data.Entity.Internal.InternalContext.PerformDatabaseInitialization()
   在 System.Data.Entity.Internal.LazyInternalContext.<InitializeDatabase>b__4(InternalContext c)
   在 System.Data.Entity.Internal.RetryAction`1.PerformAction(TInput input)
   在 System.Data.Entity.Internal.LazyInternalContext.InitializeDatabaseAction(Action`1 action)
   在 System.Data.Entity.Internal.LazyInternalContext.InitializeDatabase()
   在 System.Data.Entity.Internal.InternalContext.Initialize()
   在 System.Data.Entity.Internal.InternalContext.GetEntitySetAndBaseTypeForType(Type entityType)
   在 System.Data.Entity.Internal.Linq.InternalSet`1.Initialize()
   在 System.Data.Entity.Internal.Linq.InternalSet`1.GetEnumerator()
   在 System.Data.Entity.Infrastructure.DbQuery`1.System.Collections.Generic.IEnumerable<TResult>.GetEnumerator()
   在 System.Linq.Enumerable.WhereEnumerableIterator`1.MoveNext()
   在 System.Collections.Generic.List`1..ctor(IEnumerable`1 collection)
   在 System.Linq.Enumerable.ToList[TSource](IEnumerable`1 source)
   在 RongKang_Dal.BaseDal`1.GetEntities(Func`2 exp) 位置 e:\Work\RongKang_FrameWork\RongKang_Frame\RongKang_Dal\BaseDal.cs:行号 29

发生时间：2018/1/31 16:52:58
操作数据：System.InvalidOperationException: 支持“RongKangRepository”上下文的模型已在数据库创建后发生更改。请考虑使用 Code First 迁移更新数据库(http://go.microsoft.com/fwlink/?LinkId=238269)。
   在 System.Data.Entity.CreateDatabaseIfNotExists`1.InitializeDatabase(TContext context)
   在 System.Data.Entity.Internal.InternalContext.<>c__DisplayClassf`1.<CreateInitializationAction>b__e()
   在 System.Data.Entity.Internal.InternalContext.PerformInitializationAction(Action action)
   在 System.Data.Entity.Internal.InternalContext.PerformDatabaseInitialization()
   在 System.Data.Entity.Internal.LazyInternalContext.<InitializeDatabase>b__4(InternalContext c)
   在 System.Data.Entity.Internal.RetryAction`1.PerformAction(TInput input)
   在 System.Data.Entity.Internal.LazyInternalContext.InitializeDatabaseAction(Action`1 action)
   在 System.Data.Entity.Internal.LazyInternalContext.InitializeDatabase()
   在 System.Data.Entity.Internal.InternalContext.Initialize()
   在 System.Data.Entity.Internal.InternalContext.GetEntitySetAndBaseTypeForType(Type entityType)
   在 System.Data.Entity.Internal.Linq.InternalSet`1.Initialize()
   在 System.Data.Entity.Internal.Linq.InternalSet`1.GetEnumerator()
   在 System.Data.Entity.Infrastructure.DbQuery`1.System.Collections.Generic.IEnumerable<TResult>.GetEnumerator()
   在 System.Linq.Enumerable.WhereEnumerableIterator`1.MoveNext()
   在 System.Collections.Generic.List`1..ctor(IEnumerable`1 collection)
   在 System.Linq.Enumerable.ToList[TSource](IEnumerable`1 source)
   在 RongKang_Dal.BaseDal`1.GetEntities(Func`2 exp) 位置 e:\Work\RongKang_FrameWork\RongKang_Frame\RongKang_Dal\BaseDal.cs:行号 29

发生时间：2018/1/31 16:54:14
操作数据：System.InvalidOperationException: 支持“RongKangRepository”上下文的模型已在数据库创建后发生更改。请考虑使用 Code First 迁移更新数据库(http://go.microsoft.com/fwlink/?LinkId=238269)。
   在 System.Data.Entity.CreateDatabaseIfNotExists`1.InitializeDatabase(TContext context)
   在 System.Data.Entity.Internal.InternalContext.<>c__DisplayClassf`1.<CreateInitializationAction>b__e()
   在 System.Data.Entity.Internal.InternalContext.PerformInitializationAction(Action action)
   在 System.Data.Entity.Internal.InternalContext.PerformDatabaseInitialization()
   在 System.Data.Entity.Internal.LazyInternalContext.<InitializeDatabase>b__4(InternalContext c)
   在 System.Data.Entity.Internal.RetryAction`1.PerformAction(TInput input)
   在 System.Data.Entity.Internal.LazyInternalContext.InitializeDatabaseAction(Action`1 action)
   在 System.Data.Entity.Internal.LazyInternalContext.InitializeDatabase()
   在 System.Data.Entity.Internal.InternalContext.Initialize()
   在 System.Data.Entity.Internal.InternalContext.GetEntitySetAndBaseTypeForType(Type entityType)
   在 System.Data.Entity.Internal.Linq.InternalSet`1.Initialize()
   在 System.Data.Entity.Internal.Linq.InternalSet`1.GetEnumerator()
   在 System.Data.Entity.Infrastructure.DbQuery`1.System.Collections.Generic.IEnumerable<TResult>.GetEnumerator()
   在 System.Linq.Enumerable.WhereEnumerableIterator`1.MoveNext()
   在 System.Collections.Generic.List`1..ctor(IEnumerable`1 collection)
   在 System.Linq.Enumerable.ToList[TSource](IEnumerable`1 source)
   在 RongKang_Dal.BaseDal`1.GetEntities(Func`2 exp) 位置 e:\Work\RongKang_FrameWork\RongKang_Frame\RongKang_Dal\BaseDal.cs:行号 29

发生时间：2018/1/31 16:58:09
操作数据：System.InvalidOperationException: 支持“RongKangRepository”上下文的模型已在数据库创建后发生更改。请考虑使用 Code First 迁移更新数据库(http://go.microsoft.com/fwlink/?LinkId=238269)。
   在 System.Data.Entity.CreateDatabaseIfNotExists`1.InitializeDatabase(TContext context)
   在 System.Data.Entity.Internal.InternalContext.<>c__DisplayClassf`1.<CreateInitializationAction>b__e()
   在 System.Data.Entity.Internal.InternalContext.PerformInitializationAction(Action action)
   在 System.Data.Entity.Internal.InternalContext.PerformDatabaseInitialization()
   在 System.Data.Entity.Internal.LazyInternalContext.<InitializeDatabase>b__4(InternalContext c)
   在 System.Data.Entity.Internal.RetryAction`1.PerformAction(TInput input)
   在 System.Data.Entity.Internal.LazyInternalContext.InitializeDatabaseAction(Action`1 action)
   在 System.Data.Entity.Internal.LazyInternalContext.InitializeDatabase()
   在 System.Data.Entity.Internal.InternalContext.Initialize()
   在 System.Data.Entity.Internal.InternalContext.GetEntitySetAndBaseTypeForType(Type entityType)
   在 System.Data.Entity.Internal.Linq.InternalSet`1.Initialize()
   在 System.Data.Entity.Internal.Linq.InternalSet`1.GetEnumerator()
   在 System.Data.Entity.Infrastructure.DbQuery`1.System.Collections.Generic.IEnumerable<TResult>.GetEnumerator()
   在 System.Linq.Enumerable.WhereEnumerableIterator`1.MoveNext()
   在 System.Collections.Generic.List`1..ctor(IEnumerable`1 collection)
   在 System.Linq.Enumerable.ToList[TSource](IEnumerable`1 source)
   在 RongKang_Dal.BaseDal`1.GetEntities(Func`2 exp) 位置 e:\Work\RongKang_FrameWork\RongKang_Frame\RongKang_Dal\BaseDal.cs:行号 29

发生时间：2018/1/31 16:58:51
操作数据：System.InvalidOperationException: 支持“RongKangRepository”上下文的模型已在数据库创建后发生更改。请考虑使用 Code First 迁移更新数据库(http://go.microsoft.com/fwlink/?LinkId=238269)。
   在 System.Data.Entity.CreateDatabaseIfNotExists`1.InitializeDatabase(TContext context)
   在 System.Data.Entity.Internal.InternalContext.<>c__DisplayClassf`1.<CreateInitializationAction>b__e()
   在 System.Data.Entity.Internal.InternalContext.PerformInitializationAction(Action action)
   在 System.Data.Entity.Internal.InternalContext.PerformDatabaseInitialization()
   在 System.Data.Entity.Internal.LazyInternalContext.<InitializeDatabase>b__4(InternalContext c)
   在 System.Data.Entity.Internal.RetryAction`1.PerformAction(TInput input)
   在 System.Data.Entity.Internal.LazyInternalContext.InitializeDatabaseAction(Action`1 action)
   在 System.Data.Entity.Internal.LazyInternalContext.InitializeDatabase()
   在 System.Data.Entity.Internal.InternalContext.Initialize()
   在 System.Data.Entity.Internal.InternalContext.GetEntitySetAndBaseTypeForType(Type entityType)
   在 System.Data.Entity.Internal.Linq.InternalSet`1.Initialize()
   在 System.Data.Entity.Internal.Linq.InternalSet`1.GetEnumerator()
   在 System.Data.Entity.Infrastructure.DbQuery`1.System.Collections.Generic.IEnumerable<TResult>.GetEnumerator()
   在 System.Linq.Enumerable.WhereEnumerableIterator`1.MoveNext()
   在 System.Collections.Generic.List`1..ctor(IEnumerable`1 collection)
   在 System.Linq.Enumerable.ToList[TSource](IEnumerable`1 source)
   在 RongKang_Dal.BaseDal`1.GetEntities(Func`2 exp) 位置 e:\Work\RongKang_FrameWork\RongKang_Frame\RongKang_Dal\BaseDal.cs:行号 29

发生时间：2018/1/31 17:04:43
操作数据：System.InvalidOperationException: 支持“RongKangRepository”上下文的模型已在数据库创建后发生更改。请考虑使用 Code First 迁移更新数据库(http://go.microsoft.com/fwlink/?LinkId=238269)。
   在 System.Data.Entity.CreateDatabaseIfNotExists`1.InitializeDatabase(TContext context)
   在 System.Data.Entity.Internal.InternalContext.<>c__DisplayClassf`1.<CreateInitializationAction>b__e()
   在 System.Data.Entity.Internal.InternalContext.PerformInitializationAction(Action action)
   在 System.Data.Entity.Internal.InternalContext.PerformDatabaseInitialization()
   在 System.Data.Entity.Internal.LazyInternalContext.<InitializeDatabase>b__4(InternalContext c)
   在 System.Data.Entity.Internal.RetryAction`1.PerformAction(TInput input)
   在 System.Data.Entity.Internal.LazyInternalContext.InitializeDatabaseAction(Action`1 action)
   在 System.Data.Entity.Internal.LazyInternalContext.InitializeDatabase()
   在 System.Data.Entity.Internal.InternalContext.Initialize()
   在 System.Data.Entity.Internal.InternalContext.GetEntitySetAndBaseTypeForType(Type entityType)
   在 System.Data.Entity.Internal.Linq.InternalSet`1.Initialize()
   在 System.Data.Entity.Internal.Linq.InternalSet`1.GetEnumerator()
   在 System.Data.Entity.Infrastructure.DbQuery`1.System.Collections.Generic.IEnumerable<TResult>.GetEnumerator()
   在 System.Linq.Enumerable.WhereEnumerableIterator`1.MoveNext()
   在 System.Collections.Generic.List`1..ctor(IEnumerable`1 collection)
   在 System.Linq.Enumerable.ToList[TSource](IEnumerable`1 source)
   在 RongKang_Dal.BaseDal`1.GetEntities(Func`2 exp) 位置 e:\Work\RongKang_FrameWork\RongKang_Frame\RongKang_Dal\BaseDal.cs:行号 29

发生时间：2018/1/31 17:08:40
操作数据：System.InvalidOperationException: 支持“RongKangRepository”上下文的模型已在数据库创建后发生更改。请考虑使用 Code First 迁移更新数据库(http://go.microsoft.com/fwlink/?LinkId=238269)。
   在 System.Data.Entity.CreateDatabaseIfNotExists`1.InitializeDatabase(TContext context)
   在 System.Data.Entity.Internal.InternalContext.<>c__DisplayClassf`1.<CreateInitializationAction>b__e()
   在 System.Data.Entity.Internal.InternalContext.PerformInitializationAction(Action action)
   在 System.Data.Entity.Internal.InternalContext.PerformDatabaseInitialization()
   在 System.Data.Entity.Internal.LazyInternalContext.<InitializeDatabase>b__4(InternalContext c)
   在 System.Data.Entity.Internal.RetryAction`1.PerformAction(TInput input)
   在 System.Data.Entity.Internal.LazyInternalContext.InitializeDatabaseAction(Action`1 action)
   在 System.Data.Entity.Internal.LazyInternalContext.InitializeDatabase()
   在 System.Data.Entity.Internal.InternalContext.Initialize()
   在 System.Data.Entity.Internal.InternalContext.GetEntitySetAndBaseTypeForType(Type entityType)
   在 System.Data.Entity.Internal.Linq.InternalSet`1.Initialize()
   在 System.Data.Entity.Internal.Linq.InternalSet`1.GetEnumerator()
   在 System.Data.Entity.Infrastructure.DbQuery`1.System.Collections.Generic.IEnumerable<TResult>.GetEnumerator()
   在 System.Linq.Enumerable.WhereEnumerableIterator`1.MoveNext()
   在 System.Collections.Generic.List`1..ctor(IEnumerable`1 collection)
   在 System.Linq.Enumerable.ToList[TSource](IEnumerable`1 source)
   在 RongKang_Dal.BaseDal`1.GetEntities(Func`2 exp) 位置 e:\Work\RongKang_FrameWork\RongKang_Frame\RongKang_Dal\BaseDal.cs:行号 29

发生时间：2018/1/31 17:22:34
操作数据：System.InvalidOperationException: 支持“RongKangRepository”上下文的模型已在数据库创建后发生更改。请考虑使用 Code First 迁移更新数据库(http://go.microsoft.com/fwlink/?LinkId=238269)。
   在 System.Data.Entity.CreateDatabaseIfNotExists`1.InitializeDatabase(TContext context)
   在 System.Data.Entity.Internal.InternalContext.<>c__DisplayClassf`1.<CreateInitializationAction>b__e()
   在 System.Data.Entity.Internal.InternalContext.PerformInitializationAction(Action action)
   在 System.Data.Entity.Internal.InternalContext.PerformDatabaseInitialization()
   在 System.Data.Entity.Internal.LazyInternalContext.<InitializeDatabase>b__4(InternalContext c)
   在 System.Data.Entity.Internal.RetryAction`1.PerformAction(TInput input)
   在 System.Data.Entity.Internal.LazyInternalContext.InitializeDatabaseAction(Action`1 action)
   在 System.Data.Entity.Internal.LazyInternalContext.InitializeDatabase()
   在 System.Data.Entity.Internal.InternalContext.Initialize()
   在 System.Data.Entity.Internal.InternalContext.GetEntitySetAndBaseTypeForType(Type entityType)
   在 System.Data.Entity.Internal.Linq.InternalSet`1.Initialize()
   在 System.Data.Entity.Internal.Linq.InternalSet`1.GetEnumerator()
   在 System.Data.Entity.Infrastructure.DbQuery`1.System.Collections.Generic.IEnumerable<TResult>.GetEnumerator()
   在 System.Linq.Enumerable.WhereEnumerableIterator`1.MoveNext()
   在 System.Collections.Generic.List`1..ctor(IEnumerable`1 collection)
   在 System.Linq.Enumerable.ToList[TSource](IEnumerable`1 source)
   在 RongKang_Dal.BaseDal`1.GetEntities(Func`2 exp) 位置 e:\Work\RongKang_FrameWork\RongKang_Frame\RongKang_Dal\BaseDal.cs:行号 29

发生时间：2018/1/31 17:23:33
操作数据：System.InvalidOperationException: 支持“RongKangRepository”上下文的模型已在数据库创建后发生更改。请考虑使用 Code First 迁移更新数据库(http://go.microsoft.com/fwlink/?LinkId=238269)。
   在 System.Data.Entity.CreateDatabaseIfNotExists`1.InitializeDatabase(TContext context)
   在 System.Data.Entity.Internal.InternalContext.<>c__DisplayClassf`1.<CreateInitializationAction>b__e()
   在 System.Data.Entity.Internal.InternalContext.PerformInitializationAction(Action action)
   在 System.Data.Entity.Internal.InternalContext.PerformDatabaseInitialization()
   在 System.Data.Entity.Internal.LazyInternalContext.<InitializeDatabase>b__4(InternalContext c)
   在 System.Data.Entity.Internal.RetryAction`1.PerformAction(TInput input)
   在 System.Data.Entity.Internal.LazyInternalContext.InitializeDatabaseAction(Action`1 action)
   在 System.Data.Entity.Internal.LazyInternalContext.InitializeDatabase()
   在 System.Data.Entity.Internal.InternalContext.Initialize()
   在 System.Data.Entity.Internal.InternalContext.GetEntitySetAndBaseTypeForType(Type entityType)
   在 System.Data.Entity.Internal.Linq.InternalSet`1.Initialize()
   在 System.Data.Entity.Internal.Linq.InternalSet`1.GetEnumerator()
   在 System.Data.Entity.Infrastructure.DbQuery`1.System.Collections.Generic.IEnumerable<TResult>.GetEnumerator()
   在 System.Linq.Enumerable.WhereEnumerableIterator`1.MoveNext()
   在 System.Collections.Generic.List`1..ctor(IEnumerable`1 collection)
   在 System.Linq.Enumerable.ToList[TSource](IEnumerable`1 source)
   在 RongKang_Dal.BaseDal`1.GetEntities(Func`2 exp) 位置 e:\Work\RongKang_FrameWork\RongKang_Frame\RongKang_Dal\BaseDal.cs:行号 29

发生时间：2018/1/31 17:24:57
操作数据：System.InvalidOperationException: 支持“RongKangRepository”上下文的模型已在数据库创建后发生更改。请考虑使用 Code First 迁移更新数据库(http://go.microsoft.com/fwlink/?LinkId=238269)。
   在 System.Data.Entity.CreateDatabaseIfNotExists`1.InitializeDatabase(TContext context)
   在 System.Data.Entity.Internal.InternalContext.<>c__DisplayClassf`1.<CreateInitializationAction>b__e()
   在 System.Data.Entity.Internal.InternalContext.PerformInitializationAction(Action action)
   在 System.Data.Entity.Internal.InternalContext.PerformDatabaseInitialization()
   在 System.Data.Entity.Internal.LazyInternalContext.<InitializeDatabase>b__4(InternalContext c)
   在 System.Data.Entity.Internal.RetryAction`1.PerformAction(TInput input)
   在 System.Data.Entity.Internal.LazyInternalContext.InitializeDatabaseAction(Action`1 action)
   在 System.Data.Entity.Internal.LazyInternalContext.InitializeDatabase()
   在 System.Data.Entity.Internal.InternalContext.Initialize()
   在 System.Data.Entity.Internal.InternalContext.GetEntitySetAndBaseTypeForType(Type entityType)
   在 System.Data.Entity.Internal.Linq.InternalSet`1.Initialize()
   在 System.Data.Entity.Internal.Linq.InternalSet`1.GetEnumerator()
   在 System.Data.Entity.Infrastructure.DbQuery`1.System.Collections.Generic.IEnumerable<TResult>.GetEnumerator()
   在 System.Linq.Enumerable.WhereEnumerableIterator`1.MoveNext()
   在 System.Collections.Generic.List`1..ctor(IEnumerable`1 collection)
   在 System.Linq.Enumerable.ToList[TSource](IEnumerable`1 source)
   在 RongKang_Dal.BaseDal`1.GetEntities(Func`2 exp) 位置 e:\Work\RongKang_FrameWork\RongKang_Frame\RongKang_Dal\BaseDal.cs:行号 29

发生时间：2018/1/31 17:26:31
操作数据：System.InvalidOperationException: 支持“RongKangRepository”上下文的模型已在数据库创建后发生更改。请考虑使用 Code First 迁移更新数据库(http://go.microsoft.com/fwlink/?LinkId=238269)。
   在 System.Data.Entity.CreateDatabaseIfNotExists`1.InitializeDatabase(TContext context)
   在 System.Data.Entity.Internal.InternalContext.<>c__DisplayClassf`1.<CreateInitializationAction>b__e()
   在 System.Data.Entity.Internal.InternalContext.PerformInitializationAction(Action action)
   在 System.Data.Entity.Internal.InternalContext.PerformDatabaseInitialization()
   在 System.Data.Entity.Internal.LazyInternalContext.<InitializeDatabase>b__4(InternalContext c)
   在 System.Data.Entity.Internal.RetryAction`1.PerformAction(TInput input)
   在 System.Data.Entity.Internal.LazyInternalContext.InitializeDatabaseAction(Action`1 action)
   在 System.Data.Entity.Internal.LazyInternalContext.InitializeDatabase()
   在 System.Data.Entity.Internal.InternalContext.Initialize()
   在 System.Data.Entity.Internal.InternalContext.GetEntitySetAndBaseTypeForType(Type entityType)
   在 System.Data.Entity.Internal.Linq.InternalSet`1.Initialize()
   在 System.Data.Entity.Internal.Linq.InternalSet`1.GetEnumerator()
   在 System.Data.Entity.Infrastructure.DbQuery`1.System.Collections.Generic.IEnumerable<TResult>.GetEnumerator()
   在 System.Linq.Enumerable.WhereEnumerableIterator`1.MoveNext()
   在 System.Collections.Generic.List`1..ctor(IEnumerable`1 collection)
   在 System.Linq.Enumerable.ToList[TSource](IEnumerable`1 source)
   在 RongKang_Dal.BaseDal`1.GetEntities(Func`2 exp) 位置 e:\Work\RongKang_FrameWork\RongKang_Frame\RongKang_Dal\BaseDal.cs:行号 29

发生时间：2018/1/31 17:26:44
操作数据：System.InvalidOperationException: 支持“RongKangRepository”上下文的模型已在数据库创建后发生更改。请考虑使用 Code First 迁移更新数据库(http://go.microsoft.com/fwlink/?LinkId=238269)。
   在 System.Data.Entity.CreateDatabaseIfNotExists`1.InitializeDatabase(TContext context)
   在 System.Data.Entity.Internal.InternalContext.<>c__DisplayClassf`1.<CreateInitializationAction>b__e()
   在 System.Data.Entity.Internal.InternalContext.PerformInitializationAction(Action action)
   在 System.Data.Entity.Internal.InternalContext.PerformDatabaseInitialization()
   在 System.Data.Entity.Internal.LazyInternalContext.<InitializeDatabase>b__4(InternalContext c)
   在 System.Data.Entity.Internal.RetryAction`1.PerformAction(TInput input)
   在 System.Data.Entity.Internal.LazyInternalContext.InitializeDatabaseAction(Action`1 action)
   在 System.Data.Entity.Internal.LazyInternalContext.InitializeDatabase()
   在 System.Data.Entity.Internal.InternalContext.Initialize()
   在 System.Data.Entity.Internal.InternalContext.GetEntitySetAndBaseTypeForType(Type entityType)
   在 System.Data.Entity.Internal.Linq.InternalSet`1.Initialize()
   在 System.Data.Entity.Internal.Linq.InternalSet`1.GetEnumerator()
   在 System.Data.Entity.Infrastructure.DbQuery`1.System.Collections.Generic.IEnumerable<TResult>.GetEnumerator()
   在 System.Linq.Enumerable.WhereEnumerableIterator`1.MoveNext()
   在 System.Collections.Generic.List`1..ctor(IEnumerable`1 collection)
   在 System.Linq.Enumerable.ToList[TSource](IEnumerable`1 source)
   在 RongKang_Dal.BaseDal`1.GetEntities(Func`2 exp) 位置 e:\Work\RongKang_FrameWork\RongKang_Frame\RongKang_Dal\BaseDal.cs:行号 29

发生时间：2018/1/31 17:27:42
操作数据：System.InvalidOperationException: 支持“RongKangRepository”上下文的模型已在数据库创建后发生更改。请考虑使用 Code First 迁移更新数据库(http://go.microsoft.com/fwlink/?LinkId=238269)。
   在 System.Data.Entity.CreateDatabaseIfNotExists`1.InitializeDatabase(TContext context)
   在 System.Data.Entity.Internal.InternalContext.<>c__DisplayClassf`1.<CreateInitializationAction>b__e()
   在 System.Data.Entity.Internal.InternalContext.PerformInitializationAction(Action action)
   在 System.Data.Entity.Internal.InternalContext.PerformDatabaseInitialization()
   在 System.Data.Entity.Internal.LazyInternalContext.<InitializeDatabase>b__4(InternalContext c)
   在 System.Data.Entity.Internal.RetryAction`1.PerformAction(TInput input)
   在 System.Data.Entity.Internal.LazyInternalContext.InitializeDatabaseAction(Action`1 action)
   在 System.Data.Entity.Internal.LazyInternalContext.InitializeDatabase()
   在 System.Data.Entity.Internal.InternalContext.Initialize()
   在 System.Data.Entity.Internal.InternalContext.GetEntitySetAndBaseTypeForType(Type entityType)
   在 System.Data.Entity.Internal.Linq.InternalSet`1.Initialize()
   在 System.Data.Entity.Internal.Linq.InternalSet`1.GetEnumerator()
   在 System.Data.Entity.Infrastructure.DbQuery`1.System.Collections.Generic.IEnumerable<TResult>.GetEnumerator()
   在 System.Linq.Enumerable.WhereEnumerableIterator`1.MoveNext()
   在 System.Collections.Generic.List`1..ctor(IEnumerable`1 collection)
   在 System.Linq.Enumerable.ToList[TSource](IEnumerable`1 source)
   在 RongKang_Dal.BaseDal`1.GetEntities(Func`2 exp) 位置 e:\Work\RongKang_FrameWork\RongKang_Frame\RongKang_Dal\BaseDal.cs:行号 29

发生时间：2018/1/31 17:28:00
操作数据：System.InvalidOperationException: 支持“RongKangRepository”上下文的模型已在数据库创建后发生更改。请考虑使用 Code First 迁移更新数据库(http://go.microsoft.com/fwlink/?LinkId=238269)。
   在 System.Data.Entity.CreateDatabaseIfNotExists`1.InitializeDatabase(TContext context)
   在 System.Data.Entity.Internal.InternalContext.<>c__DisplayClassf`1.<CreateInitializationAction>b__e()
   在 System.Data.Entity.Internal.InternalContext.PerformInitializationAction(Action action)
   在 System.Data.Entity.Internal.InternalContext.PerformDatabaseInitialization()
   在 System.Data.Entity.Internal.LazyInternalContext.<InitializeDatabase>b__4(InternalContext c)
   在 System.Data.Entity.Internal.RetryAction`1.PerformAction(TInput input)
   在 System.Data.Entity.Internal.LazyInternalContext.InitializeDatabaseAction(Action`1 action)
   在 System.Data.Entity.Internal.LazyInternalContext.InitializeDatabase()
   在 System.Data.Entity.Internal.InternalContext.Initialize()
   在 System.Data.Entity.Internal.InternalContext.GetEntitySetAndBaseTypeForType(Type entityType)
   在 System.Data.Entity.Internal.Linq.InternalSet`1.Initialize()
   在 System.Data.Entity.Internal.Linq.InternalSet`1.GetEnumerator()
   在 System.Data.Entity.Infrastructure.DbQuery`1.System.Collections.Generic.IEnumerable<TResult>.GetEnumerator()
   在 System.Linq.Enumerable.WhereEnumerableIterator`1.MoveNext()
   在 System.Collections.Generic.List`1..ctor(IEnumerable`1 collection)
   在 System.Linq.Enumerable.ToList[TSource](IEnumerable`1 source)
   在 RongKang_Dal.BaseDal`1.GetEntities(Func`2 exp) 位置 e:\Work\RongKang_FrameWork\RongKang_Frame\RongKang_Dal\BaseDal.cs:行号 29

发生时间：2018/1/31 17:33:37
操作数据：System.InvalidOperationException: 支持“RongKangRepository”上下文的模型已在数据库创建后发生更改。请考虑使用 Code First 迁移更新数据库(http://go.microsoft.com/fwlink/?LinkId=238269)。
   在 System.Data.Entity.CreateDatabaseIfNotExists`1.InitializeDatabase(TContext context)
   在 System.Data.Entity.Internal.InternalContext.<>c__DisplayClassf`1.<CreateInitializationAction>b__e()
   在 System.Data.Entity.Internal.InternalContext.PerformInitializationAction(Action action)
   在 System.Data.Entity.Internal.InternalContext.PerformDatabaseInitialization()
   在 System.Data.Entity.Internal.LazyInternalContext.<InitializeDatabase>b__4(InternalContext c)
   在 System.Data.Entity.Internal.RetryAction`1.PerformAction(TInput input)
   在 System.Data.Entity.Internal.LazyInternalContext.InitializeDatabaseAction(Action`1 action)
   在 System.Data.Entity.Internal.LazyInternalContext.InitializeDatabase()
   在 System.Data.Entity.Internal.InternalContext.Initialize()
   在 System.Data.Entity.Internal.InternalContext.GetEntitySetAndBaseTypeForType(Type entityType)
   在 System.Data.Entity.Internal.Linq.InternalSet`1.Initialize()
   在 System.Data.Entity.Internal.Linq.InternalSet`1.GetEnumerator()
   在 System.Data.Entity.Infrastructure.DbQuery`1.System.Collections.Generic.IEnumerable<TResult>.GetEnumerator()
   在 System.Linq.Enumerable.WhereEnumerableIterator`1.MoveNext()
   在 System.Collections.Generic.List`1..ctor(IEnumerable`1 collection)
   在 System.Linq.Enumerable.ToList[TSource](IEnumerable`1 source)
   在 RongKang_Dal.BaseDal`1.GetEntities(Func`2 exp) 位置 e:\Work\RongKang_FrameWork\RongKang_Frame\RongKang_Dal\BaseDal.cs:行号 29

发生时间：2018/1/31 17:33:47
操作数据：System.InvalidOperationException: 支持“RongKangRepository”上下文的模型已在数据库创建后发生更改。请考虑使用 Code First 迁移更新数据库(http://go.microsoft.com/fwlink/?LinkId=238269)。
   在 System.Data.Entity.CreateDatabaseIfNotExists`1.InitializeDatabase(TContext context)
   在 System.Data.Entity.Internal.InternalContext.<>c__DisplayClassf`1.<CreateInitializationAction>b__e()
   在 System.Data.Entity.Internal.InternalContext.PerformInitializationAction(Action action)
   在 System.Data.Entity.Internal.InternalContext.PerformDatabaseInitialization()
   在 System.Data.Entity.Internal.LazyInternalContext.<InitializeDatabase>b__4(InternalContext c)
   在 System.Data.Entity.Internal.RetryAction`1.PerformAction(TInput input)
   在 System.Data.Entity.Internal.LazyInternalContext.InitializeDatabaseAction(Action`1 action)
   在 System.Data.Entity.Internal.LazyInternalContext.InitializeDatabase()
   在 System.Data.Entity.Internal.InternalContext.Initialize()
   在 System.Data.Entity.Internal.InternalContext.GetEntitySetAndBaseTypeForType(Type entityType)
   在 System.Data.Entity.Internal.Linq.InternalSet`1.Initialize()
   在 System.Data.Entity.Internal.Linq.InternalSet`1.GetEnumerator()
   在 System.Data.Entity.Infrastructure.DbQuery`1.System.Collections.Generic.IEnumerable<TResult>.GetEnumerator()
   在 System.Linq.Enumerable.WhereEnumerableIterator`1.MoveNext()
   在 System.Collections.Generic.List`1..ctor(IEnumerable`1 collection)
   在 System.Linq.Enumerable.ToList[TSource](IEnumerable`1 source)
   在 RongKang_Dal.BaseDal`1.GetEntities(Func`2 exp) 位置 e:\Work\RongKang_FrameWork\RongKang_Frame\RongKang_Dal\BaseDal.cs:行号 29
