
发生时间：2022/2/6 17:52:25
操作的表：BranchOfficeYearBudget
客户端IP：127.0.0.1
操作的ID：15
操作数据：ProvincialRegion_ID:3,BranchOffice_ID:5,Switch_ManageType:是,Year:2022,Remark:,

发生时间：2022/2/6 17:52:25
操作的表：YearBudget
客户端IP：127.0.0.1
操作的ID：15
操作数据：ProvincialRegion_ID:3,Year:2022,Remark:,

发生时间：2022/2/6 17:52:56
操作的表：BranchOfficeYearBudget
客户端IP：127.0.0.1
操作的ID：15
操作数据：ProvincialRegion_ID:3,BranchOffice_ID:5,Switch_ManageType:否,Year:2022,Remark:,

发生时间：2022/2/6 17:52:56
操作的表：YearBudget
客户端IP：127.0.0.1
操作的ID：15
操作数据：ProvincialRegion_ID:3,Year:2022,Remark:,

发生时间：2022/2/6 17:54:02
操作的表：ReimbursementRecord
客户端IP：127.0.0.1
操作的ID：15
操作数据：ReimbursementDate:2022/2/21 0:00:00,Year:2022,Month:2,ProvincialRegion_ID:3,BranchOffice_ID:5,ProvincialRegion_Leader:张友军,Project_ID:1,Product_ID:0,Remark:,

发生时间：2022/2/6 17:54:02
操作的表：BranchOfficeYearBudget
客户端IP：127.0.0.1
操作的ID：15
操作数据：ProvincialRegion_ID:3,BranchOffice_ID:5,Switch_ManageType:否,Year:2022,Remark:,

发生时间：2022/2/6 18:05:54
操作的表：BranchOfficeYearBudget
客户端IP：127.0.0.1
操作的ID：15
操作数据：ProvincialRegion_ID:3,BranchOffice_ID:5,Switch_ManageType:否,Year:2022,Remark:,

发生时间：2022/2/6 18:05:54
操作的表：YearBudget
客户端IP：127.0.0.1
操作的ID：15
操作数据：ProvincialRegion_ID:3,Year:2022,Remark:,

发生时间：2022/2/6 18:50:35
操作的表：ReimbursementRecord
客户端IP：127.0.0.1
操作的ID：15
操作数据：ReimbursementDate:2022/2/22 0:00:00,Year:2022,Month:2,ProvincialRegion_ID:3,BranchOffice_ID:5,ProvincialRegion_Leader:张友军,Project_ID:7,Product_ID:3,Remark:,
