
发生时间：2022/2/2 23:30:03
操作的表：BranchOfficeYearBudget
客户端IP：127.0.0.1
操作的ID：1
操作数据：ProvincialRegion_ID:1,BranchOffice_ID:1,Switch_ManageType:否,Year:2022,Remark:,

发生时间：2022/2/2 23:30:03
操作的表：YearBudget
客户端IP：127.0.0.1
操作的ID：1
操作数据：ProvincialRegion_ID:1,Year:2022,Remark:预算,

发生时间：2022/2/2 23:37:33
操作的表：BranchOfficeYearBudget
客户端IP：127.0.0.1
操作的ID：1
操作数据：ProvincialRegion_ID:1,BranchOffice_ID:1,Switch_ManageType:否,Year:2022,Remark:,

发生时间：2022/2/2 23:37:33
操作的表：YearBudget
客户端IP：127.0.0.1
操作的ID：1
操作数据：ProvincialRegion_ID:1,Year:2022,Remark:预算,

发生时间：2022/2/2 23:40:16
操作的表：BranchOfficeYearBudget
客户端IP：127.0.0.1
操作的ID：1
操作数据：ProvincialRegion_ID:1,BranchOffice_ID:1,Switch_ManageType:否,Year:2022,Remark:,

发生时间：2022/2/2 23:40:29
操作的表：YearBudget
客户端IP：127.0.0.1
操作的ID：1
操作数据：ProvincialRegion_ID:1,Year:2022,Remark:预算,

发生时间：2022/2/2 23:42:16
操作的表：BranchOfficeYearBudget
客户端IP：127.0.0.1
操作的ID：1
操作数据：ProvincialRegion_ID:1,BranchOffice_ID:1,Switch_ManageType:否,Year:2022,Remark:,

发生时间：2022/2/2 23:42:16
操作的表：YearBudget
客户端IP：127.0.0.1
操作的ID：1
操作数据：ProvincialRegion_ID:1,Year:2022,Remark:预算,

发生时间：2022/2/2 23:53:30
操作的表：BranchOfficeYearBudget
客户端IP：127.0.0.1
操作的ID：1
操作数据：ProvincialRegion_ID:1,BranchOffice_ID:1,Switch_ManageType:否,Year:2022,Remark:,

发生时间：2022/2/2 23:53:30
操作的表：YearBudget
客户端IP：127.0.0.1
操作的ID：1
操作数据：ProvincialRegion_ID:1,Year:2022,Remark:预算,

发生时间：2022/2/2 23:53:51
操作的表：BranchOfficeYearBudget
客户端IP：127.0.0.1
操作的ID：1
操作数据：ProvincialRegion_ID:1,BranchOffice_ID:0,Switch_ManageType:否,Year:2022,Remark:,

发生时间：2022/2/2 23:53:51
操作的表：YearBudget
客户端IP：127.0.0.1
操作的ID：1
操作数据：ProvincialRegion_ID:1,Year:2022,Remark:预算,

发生时间：2022/2/2 23:56:36
操作的表：BranchOfficeYearBudget
客户端IP：127.0.0.1
操作的ID：1
操作数据：ProvincialRegion_ID:1,BranchOffice_ID:1,Switch_ManageType:否,Year:2022,Remark:,

发生时间：2022/2/2 23:56:36
操作的表：YearBudget
客户端IP：127.0.0.1
操作的ID：1
操作数据：ProvincialRegion_ID:1,Year:2022,Remark:预算,
