
发生时间：2022/2/4 8:49:50
操作的表：ReimbursementRecord
客户端IP：127.0.0.1
操作的ID：1
操作数据：ReimbursementDate:2022/2/2 0:00:00,Year:2022,Month:2,ProvincialRegion_ID:3,BranchOffice_ID:4,ProvincialRegion_Leader:张友军,Project_ID:5,Product_ID:2,Remark:,

发生时间：2022/2/4 8:49:50
操作的表：BranchOfficeYearBudget
客户端IP：127.0.0.1
操作的ID：1
操作数据：ProvincialRegion_ID:3,BranchOffice_ID:4,Switch_ManageType:否,Year:2022,Remark:,

发生时间：2022/2/4 8:53:39
操作的表：ReimbursementRecord
客户端IP：127.0.0.1
操作的ID：1
操作数据：ReimbursementDate:2022/2/5 0:00:00,Year:2022,Month:2,ProvincialRegion_ID:3,BranchOffice_ID:4,ProvincialRegion_Leader:张友军,Project_ID:7,Product_ID:2,Remark:,

发生时间：2022/2/4 8:53:39
操作的表：BranchOfficeYearBudget
客户端IP：127.0.0.1
操作的ID：1
操作数据：ProvincialRegion_ID:3,BranchOffice_ID:4,Switch_ManageType:否,Year:2022,Remark:,

发生时间：2022/2/4 9:22:27
操作的表：ReimbursementRecord
客户端IP：127.0.0.1
操作的ID：1
操作数据：ReimbursementDate:2022/2/8 0:00:00,Year:2022,Month:2,ProvincialRegion_ID:3,BranchOffice_ID:4,ProvincialRegion_Leader:张友军,Project_ID:8,Product_ID:1,Remark:,

发生时间：2022/2/4 9:22:33
操作的表：BranchOfficeYearBudget
客户端IP：127.0.0.1
操作的ID：1
操作数据：ProvincialRegion_ID:3,BranchOffice_ID:4,Switch_ManageType:否,Year:2022,Remark:,

发生时间：2022/2/4 9:23:49
操作的表：ReimbursementRecord
客户端IP：127.0.0.1
操作的ID：1
操作数据：ReimbursementDate:2022/2/8 0:00:00,Year:2022,Month:2,ProvincialRegion_ID:3,BranchOffice_ID:4,ProvincialRegion_Leader:张友军,Project_ID:8,Product_ID:1,Remark:,

发生时间：2022/2/4 9:23:49
操作的表：BranchOfficeYearBudget
客户端IP：127.0.0.1
操作的ID：1
操作数据：ProvincialRegion_ID:3,BranchOffice_ID:4,Switch_ManageType:否,Year:2022,Remark:,

发生时间：2022/2/4 15:13:37
操作的表：Role
客户端IP：127.0.0.1
操作的ID：1
操作数据：Role_Name:系统用户,Role_Remark:系统用户,Switch_OnOff:1,

发生时间：2022/2/4 15:14:12
操作的表：User
客户端IP：127.0.0.1
操作的ID：1
操作数据：User_Name:左荣荣,User_PassWord:123456,Switch_OnOff:1,
