
发生时间：2022/2/8 19:49:48
操作的表：BranchOffice
客户端IP：127.0.0.1
操作的ID：15
操作数据：ProvincialRegion_ID:3,BranchOfficeName:管理费公司,Remark:,

发生时间：2022/2/8 19:50:47
操作的表：BranchOfficeYearBudget
客户端IP：127.0.0.1
操作的ID：15
操作数据：ProvincialRegion_ID:3,BranchOffice_ID:6,Switch_ManageType:是,Year:2022,Remark:,

发生时间：2022/2/8 19:50:47
操作的表：YearBudget
客户端IP：127.0.0.1
操作的ID：15
操作数据：ProvincialRegion_ID:3,Year:2022,Remark:,

发生时间：2022/2/8 19:51:30
操作的表：ReimbursementRecord
客户端IP：127.0.0.1
操作的ID：15
操作数据：ReimbursementDate:2022/2/10 0:00:00,Year:2022,Month:2,ProvincialRegion_ID:3,BranchOffice_ID:6,ProvincialRegion_Leader:张友军,Project_ID:1,Product_ID:1,Remark:,

发生时间：2022/2/8 19:51:55
操作的表：BranchOfficeYearBudget
客户端IP：127.0.0.1
操作的ID：15
操作数据：ProvincialRegion_ID:3,BranchOffice_ID:6,Switch_ManageType:是,Year:2022,Remark:,

发生时间：2022/2/8 19:55:30
操作的表：ReimbursementRecord
客户端IP：127.0.0.1
操作的ID：15
操作数据：ReimbursementDate:2022/2/10 0:00:00,Year:2022,Month:2,ProvincialRegion_ID:3,BranchOffice_ID:6,ProvincialRegion_Leader:张友军,Project_ID:1,Product_ID:1,Remark:,

发生时间：2022/2/8 19:55:30
操作的表：BranchOfficeYearBudget
客户端IP：127.0.0.1
操作的ID：15
操作数据：ProvincialRegion_ID:3,BranchOffice_ID:6,Switch_ManageType:是,Year:2022,Remark:,

发生时间：2022/2/8 20:03:40
操作的表：BranchOfficeYearBudget
客户端IP：127.0.0.1
操作的ID：15
操作数据：ProvincialRegion_ID:3,BranchOffice_ID:6,Switch_ManageType:否,Year:2022,Remark:,

发生时间：2022/2/8 20:03:40
操作的表：YearBudget
客户端IP：127.0.0.1
操作的ID：15
操作数据：ProvincialRegion_ID:3,Year:2022,Remark:,

发生时间：2022/2/8 20:05:27
操作的表：BranchOffice
客户端IP：127.0.0.1
操作的ID：15
操作数据：ProvincialRegion_ID:3,BranchOfficeName:承认,Remark:,

发生时间：2022/2/8 20:06:57
操作的表：BranchOfficeYearBudget
客户端IP：127.0.0.1
操作的ID：15
操作数据：ProvincialRegion_ID:3,BranchOffice_ID:7,Switch_ManageType:否,Year:2022,Remark:,

发生时间：2022/2/8 20:06:57
操作的表：YearBudget
客户端IP：127.0.0.1
操作的ID：15
操作数据：ProvincialRegion_ID:3,Year:2022,Remark:,

发生时间：2022/2/8 20:07:30
操作的表：BranchOfficeYearBudget
客户端IP：127.0.0.1
操作的ID：15
操作数据：ProvincialRegion_ID:3,BranchOffice_ID:7,Switch_ManageType:否,Year:2022,Remark:,

发生时间：2022/2/8 20:07:30
操作的表：YearBudget
客户端IP：127.0.0.1
操作的ID：15
操作数据：ProvincialRegion_ID:3,Year:2022,Remark:,

发生时间：2022/2/8 20:08:16
操作的表：BranchOfficeYearBudget
客户端IP：127.0.0.1
操作的ID：15
操作数据：ProvincialRegion_ID:3,BranchOffice_ID:6,Switch_ManageType:否,Year:2022,Remark:,

发生时间：2022/2/8 20:08:16
操作的表：YearBudget
客户端IP：127.0.0.1
操作的ID：15
操作数据：ProvincialRegion_ID:3,Year:2022,Remark:,

发生时间：2022/2/8 20:12:27
操作的表：BranchOfficeYearBudget
客户端IP：127.0.0.1
操作的ID：15
操作数据：ProvincialRegion_ID:3,BranchOffice_ID:6,Switch_ManageType:是,Year:2022,Remark:,

发生时间：2022/2/8 20:12:27
操作的表：YearBudget
客户端IP：127.0.0.1
操作的ID：15
操作数据：ProvincialRegion_ID:3,Year:2022,Remark:,

发生时间：2022/2/8 20:23:15
操作的表：BranchOfficeYearBudget
客户端IP：127.0.0.1
操作的ID：15
操作数据：ProvincialRegion_ID:3,BranchOffice_ID:7,Switch_ManageType:否,Year:2022,Remark:,

发生时间：2022/2/8 20:23:16
操作的表：YearBudget
客户端IP：127.0.0.1
操作的ID：15
操作数据：ProvincialRegion_ID:3,Year:2022,Remark:,

发生时间：2022/2/8 20:30:15
操作的表：User
客户端IP：127.0.0.1
操作的ID：1
操作数据：User_Name:黄琴,User_PassWord:123456,Switch_OnOff:1,

发生时间：2022/2/8 20:31:29
操作的表：User
客户端IP：127.0.0.1
操作的ID：1
操作数据：User_Name:祝玉颖,User_PassWord:123456,Switch_OnOff:1,

发生时间：2022/2/8 20:32:36
操作的表：User
客户端IP：127.0.0.1
操作的ID：1
操作数据：User_Name:董洁华,User_PassWord:123456,Switch_OnOff:1,
